1665486396280	geckodriver	INFO	Listening on 127.0.0.1:55260
1665486399576	mozrunner::runner	INFO	Running command: "C:\\Program Files\\Mozilla Firefox\\firefox.exe" "--marionette" "--headless" "--disable-gpu" "--no-sandbox" "enable-automation" "--disable-infobars" "--disable-dev-shm-usage" "--incoginito" "--lang=en-US" "--remote-debugging-port" "55261" "--remote-allow-hosts" "localhost" "-no-remote" "-profile" "C:\\Users\\Akachi\\AppData\\Local\\Temp\\rust_mozprofileKATl81"
*** You are running in headless mode.
1665486422911	Marionette	INFO	Marionette enabled
1665486423287	Marionette	INFO	Listening on port 57845
Read port: 57845
Read port: 57845
WebDriver BiDi listening on ws://127.0.0.1:55261
1665486426076	RemoteAgent	WARN	TLS certificate errors will be ignored for this session
[GFX1-]: RenderCompositorSWGL failed mapping default framebuffer, no dt
console.error: Region.jsm: "Error fetching region" (new Error("TIMEOUT", "resource://gre/modules/Region.jsm", 768))
console.error: Region.jsm: "Failed to fetch region" (new Error("TIMEOUT", "resource://gre/modules/Region.jsm", 420))
console.warn: SearchSettings: "get: No settings file exists, new profile?" (new NotFoundError("Could not open the file at C:\\Users\\Akachi\\AppData\\Local\\Temp\\rust_mozprofileKATl81\\search.json.mozlz4", (void 0)))
DevTools listening on ws://127.0.0.1:55261/devtools/browser/e0a33f1c-2532-48bb-a6f5-d1db6faf1fcb
1665486492720	Marionette	INFO	Stopped listening on port 57845
1665487242151	geckodriver	INFO	Listening on 127.0.0.1:63156
1665487245171	mozrunner::runner	INFO	Running command: "C:\\Program Files\\Mozilla Firefox\\firefox.exe" "--marionette" "--headless" "--disable-gpu" "--no-sandbox" "enable-automation" "--disable-infobars" "--disable-dev-shm-usage" "--incoginito" "--lang=en-US" "--remote-debugging-port" "63157" "--remote-allow-hosts" "localhost" "-no-remote" "-profile" "C:\\Users\\Akachi\\AppData\\Local\\Temp\\rust_mozprofilekZH4JH"
*** You are running in headless mode.
1665487253709	Marionette	INFO	Marionette enabled
1665487253763	Marionette	INFO	Listening on port 63168
Read port: 63168
WebDriver BiDi listening on ws://127.0.0.1:63157
1665487255897	RemoteAgent	WARN	TLS certificate errors will be ignored for this session
[GFX1-]: RenderCompositorSWGL failed mapping default framebuffer, no dt
console.warn: SearchSettings: "get: No settings file exists, new profile?" (new NotFoundError("Could not open the file at C:\\Users\\Akachi\\AppData\\Local\\Temp\\rust_mozprofilekZH4JH\\search.json.mozlz4", (void 0)))
console.error: Region.jsm: "Error fetching region" (new Error("TIMEOUT", "resource://gre/modules/Region.jsm", 768))
console.error: Region.jsm: "Failed to fetch region" (new Error("TIMEOUT", "resource://gre/modules/Region.jsm", 420))
DevTools listening on ws://127.0.0.1:63157/devtools/browser/7fd137bd-21dc-475a-85ef-2fe3f9e96800
JavaScript error: , line 0: TypeError: NetworkError when attempting to fetch resource.
JavaScript error: , line 0: TypeError: NetworkError when attempting to fetch resource.
1665487331019	Marionette	INFO	Stopped listening on port 63168
[Parent 18608, IPC I/O Parent] WARNING: file /builds/worker/checkouts/gecko/ipc/chromium/src/base/process_util_win.cc:167
!!! error running onStopped callback: TypeError: callback is not a function
[Parent 18608, IPC I/O Parent] WARNING: file /builds/worker/checkouts/gecko/ipc/chromium/src/base/process_util_win.cc:167
[Parent 18608, IPC I/O Parent] WARNING: file /builds/worker/checkouts/gecko/ipc/chromium/src/base/process_util_win.cc:167
[Parent 18608, IPC I/O Parent] WARNING: file /builds/worker/checkouts/gecko/ipc/chromium/src/base/process_util_win.cc:167
1665487523283	geckodriver	INFO	Listening on 127.0.0.1:59887
1665487526049	mozrunner::runner	INFO	Running command: "C:\\Program Files\\Mozilla Firefox\\firefox.exe" "--marionette" "--headless" "--disable-gpu" "--no-sandbox" "enable-automation" "--disable-infobars" "--disable-dev-shm-usage" "--incoginito" "--lang=en-US" "--remote-debugging-port" "59888" "--remote-allow-hosts" "localhost" "-no-remote" "-profile" "C:\\Users\\Akachi\\AppData\\Local\\Temp\\rust_mozprofileqOb5Cb"
*** You are running in headless mode.
1665487535556	Marionette	INFO	Marionette enabled
1665487535612	Marionette	INFO	Listening on port 59903
Read port: 59903
WebDriver BiDi listening on ws://127.0.0.1:59888
Read port: 59903
1665487540046	RemoteAgent	WARN	TLS certificate errors will be ignored for this session
[GFX1-]: RenderCompositorSWGL failed mapping default framebuffer, no dt
console.warn: SearchSettings: "get: No settings file exists, new profile?" (new NotFoundError("Could not open the file at C:\\Users\\Akachi\\AppData\\Local\\Temp\\rust_mozprofileqOb5Cb\\search.json.mozlz4", (void 0)))
console.error: Region.jsm: "Error fetching region" (new Error("TIMEOUT", "resource://gre/modules/Region.jsm", 768))
console.error: Region.jsm: "Failed to fetch region" (new Error("TIMEOUT", "resource://gre/modules/Region.jsm", 420))
DevTools listening on ws://127.0.0.1:59888/devtools/browser/f7a1a67f-eb4a-4f21-9d7b-aa249a1717b3
JavaScript error: , line 0: TypeError: NetworkError when attempting to fetch resource.
JavaScript error: , line 0: TypeError: NetworkError when attempting to fetch resource.
JavaScript error: , line 0: TypeError: NetworkError when attempting to fetch resource.
1665487587965	Marionette	INFO	Stopped listening on port 59903
console.error: services.settings: 
  main/query-stripping Signature failed  TypeError: NetworkError: Network request failed
1665487717986	geckodriver	INFO	Listening on 127.0.0.1:49800
1665487720956	mozrunner::runner	INFO	Running command: "C:\\Program Files\\Mozilla Firefox\\firefox.exe" "--marionette" "--headless" "--disable-gpu" "--no-sandbox" "enable-automation" "--disable-infobars" "--disable-dev-shm-usage" "--incoginito" "--lang=en-US" "--remote-debugging-port" "49801" "--remote-allow-hosts" "localhost" "-no-remote" "-profile" "C:\\Users\\Akachi\\AppData\\Local\\Temp\\rust_mozprofile4XUUML"
*** You are running in headless mode.
1665487722633	Marionette	INFO	Marionette enabled
1665487722655	Marionette	INFO	Listening on port 52569
Read port: 52569
WebDriver BiDi listening on ws://127.0.0.1:49801
1665487723667	RemoteAgent	WARN	TLS certificate errors will be ignored for this session
[GFX1-]: RenderCompositorSWGL failed mapping default framebuffer, no dt
console.warn: SearchSettings: "get: No settings file exists, new profile?" (new NotFoundError("Could not open the file at C:\\Users\\Akachi\\AppData\\Local\\Temp\\rust_mozprofile4XUUML\\search.json.mozlz4", (void 0)))
DevTools listening on ws://127.0.0.1:49801/devtools/browser/9c4e021c-a5ea-48ec-a212-7053bce22145
1665487732362	Marionette	WARN	Ignoring event 'pageshow' because document has an invalid readyState of 'uninitialized'.
1665487737850	Marionette	WARN	TimedPromise timed out after 500 ms: stacktrace:
TimedPromise/<@chrome://remote/content/marionette/sync.js:236:24
TimedPromise@chrome://remote/content/marionette/sync.js:221:10
interaction.flushEventLoop@chrome://remote/content/marionette/interaction.js:431:10
webdriverClickElement@chrome://remote/content/marionette/interaction.js:179:31
1665487738894	Marionette	INFO	Stopped listening on port 52569
!!! error running onStopped callback: TypeError: callback is not a function
1665487996251	geckodriver	INFO	Listening on 127.0.0.1:52675
1665487999269	mozrunner::runner	INFO	Running command: "C:\\Program Files\\Mozilla Firefox\\firefox.exe" "--marionette" "--headless" "--disable-gpu" "--no-sandbox" "enable-automation" "--disable-infobars" "--disable-dev-shm-usage" "--incoginito" "--lang=en-US" "--remote-debugging-port" "52676" "--remote-allow-hosts" "localhost" "-no-remote" "-profile" "C:\\Users\\Akachi\\AppData\\Local\\Temp\\rust_mozprofilex6c3hy"
*** You are running in headless mode.
1665488006197	Marionette	INFO	Marionette enabled
1665488006233	Marionette	INFO	Listening on port 52685
Read port: 52685
WebDriver BiDi listening on ws://127.0.0.1:52676
Read port: 52685
Read port: 52685
Read port: 52685
1665488011529	RemoteAgent	WARN	TLS certificate errors will be ignored for this session
[GFX1-]: RenderCompositorSWGL failed mapping default framebuffer, no dt
console.warn: SearchSettings: "get: No settings file exists, new profile?" (new NotFoundError("Could not open the file at C:\\Users\\Akachi\\AppData\\Local\\Temp\\rust_mozprofilex6c3hy\\search.json.mozlz4", (void 0)))
console.error: Region.jsm: "Error fetching region" (new Error("TIMEOUT", "resource://gre/modules/Region.jsm", 768))
console.error: Region.jsm: "Failed to fetch region" (new Error("TIMEOUT", "resource://gre/modules/Region.jsm", 420))
DevTools listening on ws://127.0.0.1:52676/devtools/browser/aa472b22-ee3e-4cde-833e-3799f3c7d958
JavaScript warning: https://www.amazon.com/Roku-Streaming-Device-Vision-Controls/product-reviews/B09BKCDXZC/ref=cm_cr_arp_d_viewopt_srt?ie=UTF8&reviewerType=all_reviews&sortBy=recent line 2998 > injectedScript, line 1: WEBGL_debug_renderer_info is deprecated in Firefox and will be removed. Please use RENDERER.
1665488039648	Marionette	WARN	Ignoring event 'DOMContentLoaded' because document has an invalid readyState of 'complete'.
JavaScript error: , line 0: TypeError: NetworkError when attempting to fetch resource.
JavaScript error: , line 0: TypeError: NetworkError when attempting to fetch resource.
JavaScript warning: https://www.amazon.com/Roku-Streaming-Device-Vision-Controls/product-reviews/B09BKCDXZC/ref=cm_cr_arp_d_paging_btm_2?ie=UTF8&pageNumber=2&reviewerType=all_reviews&sortBy=recent line 2888 > injectedScript, line 1: WEBGL_debug_renderer_info is deprecated in Firefox and will be removed. Please use RENDERER.
JavaScript warning: https://www.amazon.com/Roku-Streaming-Device-Vision-Controls/product-reviews/B09BKCDXZC/ref=cm_cr_arp_d_paging_btm_3?ie=UTF8&pageNumber=3&reviewerType=all_reviews&sortBy=recent line 2986 > injectedScript, line 1: WEBGL_debug_renderer_info is deprecated in Firefox and will be removed. Please use RENDERER.
1665488055963	Marionette	INFO	Stopped listening on port 52685
*** UTM:SVC TimerManager:registerTimer called after profile-before-change notification. Ignoring timer registration for id: telemetry_modules_ping
*** UTM:SVC TimerManager:registerTimer called after profile-before-change notification. Ignoring timer registration for id: telemetry_untrustedmodules_ping
1665488235677	geckodriver	INFO	Listening on 127.0.0.1:49547
1665488240288	mozrunner::runner	INFO	Running command: "C:\\Program Files\\Mozilla Firefox\\firefox.exe" "--marionette" "--headless" "--disable-gpu" "--no-sandbox" "enable-automation" "--disable-infobars" "--disable-dev-shm-usage" "--incoginito" "--lang=en-US" "--remote-debugging-port" "49548" "--remote-allow-hosts" "localhost" "-no-remote" "-profile" "C:\\Users\\Akachi\\AppData\\Local\\Temp\\rust_mozprofileTQAHjX"
*** You are running in headless mode.
1665488260866	Marionette	INFO	Marionette enabled
1665488261033	Marionette	INFO	Listening on port 55263
Read port: 55263
Read port: 55263
Read port: 55263
WebDriver BiDi listening on ws://127.0.0.1:49548
1665488267019	RemoteAgent	WARN	TLS certificate errors will be ignored for this session
[GFX1-]: RenderCompositorSWGL failed mapping default framebuffer, no dt
console.error: Region.jsm: "Error fetching region" (new Error("TIMEOUT", "resource://gre/modules/Region.jsm", 768))
console.error: Region.jsm: "Failed to fetch region" (new Error("TIMEOUT", "resource://gre/modules/Region.jsm", 420))
console.warn: SearchSettings: "get: No settings file exists, new profile?" (new NotFoundError("Could not open the file at C:\\Users\\Akachi\\AppData\\Local\\Temp\\rust_mozprofileTQAHjX\\search.json.mozlz4", (void 0)))
DevTools listening on ws://127.0.0.1:49548/devtools/browser/c3953056-1401-4973-bc38-f55d8296d2f3
JavaScript warning: https://www.amazon.com/Roku-Streaming-Device-Vision-Controls/product-reviews/B09BKCDXZC/ref=cm_cr_arp_d_viewopt_srt?ie=UTF8&reviewerType=all_reviews&sortBy=recent line 2998 > injectedScript, line 1: WEBGL_debug_renderer_info is deprecated in Firefox and will be removed. Please use RENDERER.
JavaScript warning: https://www.amazon.com/Roku-Streaming-Device-Vision-Controls/product-reviews/B09BKCDXZC/ref=cm_cr_arp_d_paging_btm_2?ie=UTF8&pageNumber=2&reviewerType=all_reviews&sortBy=recent line 2888 > injectedScript, line 1: WEBGL_debug_renderer_info is deprecated in Firefox and will be removed. Please use RENDERER.
JavaScript warning: https://www.amazon.com/Roku-Streaming-Device-Vision-Controls/product-reviews/B09BKCDXZC/ref=cm_cr_arp_d_paging_btm_3?ie=UTF8&pageNumber=3&reviewerType=all_reviews&sortBy=recent line 2986 > injectedScript, line 1: WEBGL_debug_renderer_info is deprecated in Firefox and will be removed. Please use RENDERER.
1665488427298	Marionette	INFO	Stopped listening on port 55263
1665503281798	geckodriver	INFO	Listening on 127.0.0.1:61306
1665503285332	mozrunner::runner	INFO	Running command: "C:\\Program Files\\Mozilla Firefox\\firefox.exe" "--marionette" "--headless" "--disable-gpu" "--no-sandbox" "enable-automation" "--disable-infobars" "--disable-dev-shm-usage" "--incoginito" "--lang=en-US" "--remote-debugging-port" "61307" "--remote-allow-hosts" "localhost" "-no-remote" "-profile" "C:\\Users\\Akachi\\AppData\\Local\\Temp\\rust_mozprofilerL57KD"
*** You are running in headless mode.
1665503301446	Marionette	INFO	Marionette enabled
1665503301515	Marionette	INFO	Listening on port 61322
Read port: 61322
Read port: 61322
Read port: 61322
WebDriver BiDi listening on ws://127.0.0.1:61307
Read port: 61322
Read port: 61322
Read port: 61322
Read port: 61322
Read port: 61322
Read port: 61322
Read port: 61322
Read port: 61322
Read port: 61322
1665503315180	RemoteAgent	WARN	TLS certificate errors will be ignored for this session
[GFX1-]: RenderCompositorSWGL failed mapping default framebuffer, no dt
console.warn: SearchSettings: "get: No settings file exists, new profile?" (new NotFoundError("Could not open the file at C:\\Users\\Akachi\\AppData\\Local\\Temp\\rust_mozprofilerL57KD\\search.json.mozlz4", (void 0)))
console.error: Region.jsm: "Error fetching region" (new Error("TIMEOUT", "resource://gre/modules/Region.jsm", 768))
console.error: Region.jsm: "Failed to fetch region" (new Error("TIMEOUT", "resource://gre/modules/Region.jsm", 420))
DevTools listening on ws://127.0.0.1:61307/devtools/browser/84f47fc9-bc2d-4253-bf33-906378252a70
JavaScript warning: https://www.amazon.com/Apple-iPhone-256GB-Space-Gray/product-reviews/B07ZQSSKY4/ref=cm_cr_arp_d_viewopt_srt?ie=UTF8&reviewerType=all_reviews&sortBy=recent line 2908 > injectedScript, line 1: WEBGL_debug_renderer_info is deprecated in Firefox and will be removed. Please use RENDERER.
JavaScript warning: https://www.amazon.com/Apple-iPhone-256GB-Space-Gray/product-reviews/B07ZQSSKY4/ref=cm_cr_arp_d_paging_btm_2?ie=UTF8&pageNumber=2&reviewerType=all_reviews&sortBy=recent line 2982 > injectedScript, line 1: WEBGL_debug_renderer_info is deprecated in Firefox and will be removed. Please use RENDERER.
JavaScript error: resource://devtools/client/jsonview/Sniffer.jsm, line 58: NS_ERROR_NOT_AVAILABLE: Component returned failure code: 0x80040111 (NS_ERROR_NOT_AVAILABLE) [nsIChannel.contentType]
JavaScript error: , line 0: TypeError: NetworkError when attempting to fetch resource.
JavaScript error: , line 0: TypeError: NetworkError when attempting to fetch resource.
JavaScript warning: https://www.amazon.com/Apple-iPhone-256GB-Space-Gray/product-reviews/B07ZQSSKY4/ref=cm_cr_arp_d_paging_btm_3?ie=UTF8&pageNumber=3&reviewerType=all_reviews&sortBy=recent line 3077 > injectedScript, line 1: WEBGL_debug_renderer_info is deprecated in Firefox and will be removed. Please use RENDERER.
1665503360256	Marionette	INFO	Stopped listening on port 61322
1665503933338	geckodriver	INFO	Listening on 127.0.0.1:53999
1665503936301	mozrunner::runner	INFO	Running command: "C:\\Program Files\\Mozilla Firefox\\firefox.exe" "--marionette" "--headless" "--disable-gpu" "--no-sandbox" "enable-automation" "--disable-infobars" "--disable-dev-shm-usage" "--incoginito" "--lang=en-US" "--remote-debugging-port" "54000" "--remote-allow-hosts" "localhost" "-no-remote" "-profile" "C:\\Users\\Akachi\\AppData\\Local\\Temp\\rust_mozprofiledBRM8E"
*** You are running in headless mode.
1665503937826	Marionette	INFO	Marionette enabled
1665503937836	Marionette	INFO	Listening on port 54011
Read port: 54011
WebDriver BiDi listening on ws://127.0.0.1:54000
1665503942093	RemoteAgent	WARN	TLS certificate errors will be ignored for this session
[GFX1-]: RenderCompositorSWGL failed mapping default framebuffer, no dt
console.warn: SearchSettings: "get: No settings file exists, new profile?" (new NotFoundError("Could not open the file at C:\\Users\\Akachi\\AppData\\Local\\Temp\\rust_mozprofiledBRM8E\\search.json.mozlz4", (void 0)))
console.error: Region.jsm: "Error fetching region" (new Error("TIMEOUT", "resource://gre/modules/Region.jsm", 768))
console.error: Region.jsm: "Failed to fetch region" (new Error("TIMEOUT", "resource://gre/modules/Region.jsm", 420))
DevTools listening on ws://127.0.0.1:54000/devtools/browser/2e4ee7fa-8278-46e1-a6eb-66d67b086ec8
1665503950568	Marionette	WARN	Ignoring event 'pageshow' because document has an invalid readyState of 'uninitialized'.
JavaScript error: , line 0: TypeError: NetworkError when attempting to fetch resource.
JavaScript error: , line 0: TypeError: NetworkError when attempting to fetch resource.
JavaScript error: resource://gre/actors/ContentMetaChild.jsm, line 183: InvalidStateError: JSWindowActorChild.sendAsyncMessage: JSWindowActorChild cannot send at the moment
1665504060196	Marionette	INFO	Stopped listening on port 54011
!!! error running onStopped callback: TypeError: callback is not a function
